[CRAWL ERROR]
2026-03-07 15:11:47,169 - systemfehler.cli - INFO - Starting benefits crawl from source: arbeitsagentur
2026-03-07 15:11:47,171 - systemfehler.crawler.arbeitsagentur - INFO - Starting crawl of https://www.arbeitsagentur.de/arbeitslosengeld-2
2026-03-07 15:11:47,171 - systemfehler.crawler.arbeitsagentur - INFO - Starting crawl of https://www.arbeitsagentur.de/arbeitslosengeld-2
2026-03-07 15:11:47,306 - systemfehler.crawler.arbeitsagentur - INFO - Fetching https://www.arbeitsagentur.de/arbeitslosengeld-2 (attempt 1/3)
2026-03-07 15:11:47,306 - systemfehler.crawler.arbeitsagentur - INFO - Fetching https://www.arbeitsagentur.de/arbeitslosengeld-2 (attempt 1/3)
2026-03-07 15:11:47,804 - systemfehler.crawler.arbeitsagentur - INFO - Successfully fetched https://www.arbeitsagentur.de/arbeitslosengeld-2
2026-03-07 15:11:47,804 - systemfehler.crawler.arbeitsagentur - INFO - Successfully fetched https://www.arbeitsagentur.de/arbeitslosengeld-2
2026-03-07 15:11:47,818 - systemfehler.crawler.arbeitsagentur - INFO - Extracted entry with IQS: 78.12, AIS: 46.5
2026-03-07 15:11:47,818 - systemfehler.crawler.arbeitsagentur - INFO - Extracted entry with IQS: 78.12, AIS: 46.5
2026-03-07 15:11:47,822 - systemfehler.crawler.arbeitsagentur - INFO - Saved 1 candidate entries to ./data\benefits\candidates.json
2026-03-07 15:11:47,822 - systemfehler.crawler.arbeitsagentur - INFO - Saved 1 candidate entries to ./data\benefits\candidates.json
2026-03-07 15:11:47,827 - systemfehler.cli - ERROR - Validation failed for entry 1b062739-c0d1-4d0c-8931-3ddfed4c99ce
2026-03-07 15:11:47,827 - systemfehler.cli - ERROR -   - translations: Must be an object
2026-03-07 15:11:47,827 - systemfehler.cli - INFO - Generating diffs against existing entries
2026-03-07 15:11:47,828 - systemfehler.cli - INFO - Generated diff for https://www.arbeitsagentur.de/arbeitslosengeld-2: 16 changes
2026-03-07 15:11:47,828 - systemfehler.cli - WARNING - Important changes detected:
2026-03-07 15:11:47,828 - systemfehler.cli - WARNING -   - Translation removed: title.easy_de
2026-03-07 15:11:47,840 - systemfehler.cli - INFO - Added 1 entries to moderation queue
2026-03-07 15:11:47,840 - systemfehler.cli - INFO - Crawl completed successfully. 1 entries extracted.


[VALIDATE ERROR]
2026-03-07 15:11:48,616 - systemfehler.cli - INFO - Validating benefits entries


[IMPORT ERROR]
2026-03-07 15:11:49,126 - systemfehler.cli - INFO - Importing benefits entries to database
2026-03-07 15:11:49,169 - systemfehler.cli - ERROR - Failed to import entry c6fb568f-2e9a-4b26-b6c6-74c0e38205c9: column "translations" of relation "entries" does not exist
LINE 9:                         provenance, translations, quality_sc...
                                            ^

2026-03-07 15:11:49,170 - systemfehler.cli - ERROR - Failed to import entry ab6ecb16-b9df-4654-bde8-94a02f0d3302: column "translations" of relation "entries" does not exist
LINE 9:                         provenance, translations, quality_sc...
                                            ^

2026-03-07 15:11:49,172 - systemfehler.cli - ERROR - Failed to import entry a6f576ba-c5f0-4ff2-8f63-aa56abbb56fd: column "translations" of relation "entries" does not exist
LINE 9:                         provenance, translations, quality_sc...
                                            ^

2026-03-07 15:11:49,174 - systemfehler.cli - ERROR - Failed to import entry f0d4693b-32e1-4ec6-95fb-e9d75efefdfa: column "translations" of relation "entries" does not exist
LINE 9:                         provenance, translations, quality_sc...
                                            ^

2026-03-07 15:11:49,175 - systemfehler.cli - ERROR - Failed to import entry 76c47e08-9f3b-4053-97bc-62c4e09aa6ee: column "translations" of relation "entries" does not exist
LINE 9:                         provenance, translations, quality_sc...
                                            ^

2026-03-07 15:11:49,176 - systemfehler.cli - INFO - Successfully imported 0/5 entries


