[CRAWL ERROR]
2026-03-07 15:07:04,779 - systemfehler.cli - INFO - Starting benefits crawl from source: arbeitsagentur
2026-03-07 15:07:04,781 - systemfehler.crawler.arbeitsagentur - INFO - Starting crawl of https://www.arbeitsagentur.de/arbeitslosengeld-2
2026-03-07 15:07:04,781 - systemfehler.crawler.arbeitsagentur - INFO - Starting crawl of https://www.arbeitsagentur.de/arbeitslosengeld-2
2026-03-07 15:07:04,946 - systemfehler.crawler.arbeitsagentur - INFO - Fetching https://www.arbeitsagentur.de/arbeitslosengeld-2 (attempt 1/3)
2026-03-07 15:07:04,946 - systemfehler.crawler.arbeitsagentur - INFO - Fetching https://www.arbeitsagentur.de/arbeitslosengeld-2 (attempt 1/3)
2026-03-07 15:07:05,516 - systemfehler.crawler.arbeitsagentur - INFO - Successfully fetched https://www.arbeitsagentur.de/arbeitslosengeld-2
2026-03-07 15:07:05,516 - systemfehler.crawler.arbeitsagentur - INFO - Successfully fetched https://www.arbeitsagentur.de/arbeitslosengeld-2
2026-03-07 15:07:05,531 - systemfehler.crawler.arbeitsagentur - INFO - Extracted entry with IQS: 78.12, AIS: 46.5
2026-03-07 15:07:05,531 - systemfehler.crawler.arbeitsagentur - INFO - Extracted entry with IQS: 78.12, AIS: 46.5
2026-03-07 15:07:05,535 - systemfehler.crawler.arbeitsagentur - INFO - Saved 1 candidate entries to ./data\benefits\candidates.json
2026-03-07 15:07:05,535 - systemfehler.crawler.arbeitsagentur - INFO - Saved 1 candidate entries to ./data\benefits\candidates.json
2026-03-07 15:07:05,538 - systemfehler.cli - ERROR - Validation failed for entry c59b4417-b5ca-424a-a986-132ca6e0783d
2026-03-07 15:07:05,538 - systemfehler.cli - ERROR -   - root: Unknown top-level field 'head'
2026-03-07 15:07:05,538 - systemfehler.cli - INFO - Generating diffs against existing entries
2026-03-07 15:07:05,538 - systemfehler.cli - INFO - Generated diff for https://www.arbeitsagentur.de/arbeitslosengeld-2: 16 changes
2026-03-07 15:07:05,538 - systemfehler.cli - WARNING - Important changes detected:
2026-03-07 15:07:05,538 - systemfehler.cli - WARNING -   - Translation removed: title.easy_de
2026-03-07 15:07:05,545 - systemfehler.cli - INFO - Added 1 entries to moderation queue
2026-03-07 15:07:05,545 - systemfehler.cli - INFO - Crawl completed successfully. 1 entries extracted.


[VALIDATE ERROR]
2026-03-07 15:07:06,087 - systemfehler.cli - INFO - Validating benefits entries
Traceback (most recent call last):
  File "C:\Users\StretzS\projects\systemfehler\crawlers\cli.py", line 527, in <module>
    main()
    ~~~~^^
  File "C:\Users\StretzS\projects\systemfehler\crawlers\cli.py", line 507, in main
    success = validate_domain(args.domain, args.data_dir)
  File "C:\Users\StretzS\projects\systemfehler\crawlers\cli.py", line 296, in validate_domain
    print(report)
    ~~~~~^^^^^^^^
  File "C:\Users\StretzS\AppData\Local\Programs\Python\Python313\Lib\encodings\cp1252.py", line 19, in encode
    return codecs.charmap_encode(input,self.errors,encoding_table)[0]
           ~~~~~~~~~~~~~~~~~~~~~^^^^^^^^^^^^^^^^^^^^^^^^^^^^^^^^^^
UnicodeEncodeError: 'charmap' codec can't encode characters in position 319-320: character maps to <undefined>


[IMPORT ERROR]
2026-03-07 15:07:06,616 - systemfehler.cli - INFO - Importing benefits entries to database
2026-03-07 15:07:06,662 - systemfehler.cli - ERROR - Failed to import entry c6fb568f-2e9a-4b26-b6c6-74c0e38205c9: column "translations" of relation "entries" does not exist
LINE 9:                         provenance, translations, quality_sc...
                                            ^

2026-03-07 15:07:06,664 - systemfehler.cli - ERROR - Failed to import entry ab6ecb16-b9df-4654-bde8-94a02f0d3302: column "translations" of relation "entries" does not exist
LINE 9:                         provenance, translations, quality_sc...
                                            ^

2026-03-07 15:07:06,666 - systemfehler.cli - ERROR - Failed to import entry a6f576ba-c5f0-4ff2-8f63-aa56abbb56fd: column "translations" of relation "entries" does not exist
LINE 9:                         provenance, translations, quality_sc...
                                            ^

2026-03-07 15:07:06,667 - systemfehler.cli - ERROR - Failed to import entry f0d4693b-32e1-4ec6-95fb-e9d75efefdfa: column "translations" of relation "entries" does not exist
LINE 9:                         provenance, translations, quality_sc...
                                            ^

2026-03-07 15:07:06,669 - systemfehler.cli - ERROR - Failed to import entry 76c47e08-9f3b-4053-97bc-62c4e09aa6ee: column "translations" of relation "entries" does not exist
LINE 9:                         provenance, translations, quality_sc...
                                            ^

2026-03-07 15:07:06,670 - systemfehler.cli - INFO - Successfully imported 0/5 entries


